<?xml version="1.0" encoding="UTF-8"?>
<!-- Generated by org.testng.reporters.JUnitReportReporter -->
<testsuite hostname="HP-PAVILION" failures="0" tests="1" name="SpiceJet.flightbooking.navigationBarValidation" time="0.070" errors="0" timestamp="2022-08-16T21:08:09 IST" skipped="0">
  <testcase classname="SpiceJet.flightbooking.navigationBarValidation" name="validateNavigationBar" time="0.070"/>
  <system-out/>
</testsuite> <!-- SpiceJet.flightbooking.navigationBarValidation -->
