<?xml version="1.0" encoding="UTF-8"?>
<!-- Generated by org.testng.reporters.JUnitReportReporter -->
<testsuite hostname="HP-PAVILION" failures="0" tests="2" name="SpiceJet.flightbooking.LoginValidations" time="2.637" errors="0" timestamp="2022-08-16T21:08:09 IST" skipped="0">
  <testcase classname="SpiceJet.flightbooking.LoginValidations" name="loginToQaClickAcademy" time="1.821"/>
  <system-out/>
  <testcase classname="SpiceJet.flightbooking.LoginValidations" name="loginToQaClickAcademy" time="0.816"/>
  <system-out/>
</testsuite> <!-- SpiceJet.flightbooking.LoginValidations -->
