<?xml version="1.0" encoding="UTF-8"?>
<!-- Generated by org.testng.reporters.JUnitReportReporter -->
<testsuite hostname="HP-PAVILION" failures="0" tests="1" name="SpiceJet.flightbooking.titleOfCourseSectionValidations" time="0.040" errors="0" timestamp="2022-08-16T21:08:09 IST" skipped="0">
  <testcase classname="SpiceJet.flightbooking.titleOfCourseSectionValidations" name="validateTitleOfCourseSection" time="0.040"/>
  <system-out/>
</testsuite> <!-- SpiceJet.flightbooking.titleOfCourseSectionValidations -->
