<?xml version="1.0" encoding="UTF-8"?>
<!-- Generated by org.testng.reporters.JUnitReportReporter -->
<testsuite hostname="HP-PAVILION" failures="0" tests="2" name="SpiceJet.flightbooking.LoginValidations" time="1.046" errors="0" timestamp="2022-08-17T07:17:38 IST" skipped="0">
  <testcase classname="SpiceJet.flightbooking.LoginValidations" name="loginToQaClickAcademy" time="0.450"/>
  <system-out/>
  <testcase classname="SpiceJet.flightbooking.LoginValidations" name="loginToQaClickAcademy" time="0.596"/>
  <system-out/>
</testsuite> <!-- SpiceJet.flightbooking.LoginValidations -->
