<?xml version="1.0" encoding="UTF-8"?>
<!-- Generated by org.testng.reporters.JUnitReportReporter -->
<testsuite hostname="HP-PAVILION" failures="0" tests="1" name="SpiceJet.flightbooking.homePageValidations" time="1.033" errors="0" timestamp="2022-08-17T07:16:47 IST" skipped="0">
  <testcase classname="SpiceJet.flightbooking.homePageValidations" name="clickOnLogin" time="1.033"/>
  <system-out/>
</testsuite> <!-- SpiceJet.flightbooking.homePageValidations -->
