<?xml version="1.0" encoding="UTF-8"?>
<!-- Generated by org.testng.reporters.JUnitReportReporter -->
<testsuite hostname="HP-PAVILION" failures="0" tests="1" name="baseclasses.InvokeBrowsers" time="4.325" errors="0" timestamp="2022-08-16T17:56:33 IST" skipped="0">
  <testcase classname="baseclasses.InvokeBrowsers" name="triggerBrowser" time="4.325"/>
  <system-out/>
</testsuite> <!-- baseclasses.InvokeBrowsers -->
