<?xml version="1.0" encoding="UTF-8"?>
<!-- Generated by org.testng.reporters.JUnitReportReporter -->
<testsuite hostname="HP-PAVILION" failures="0" tests="2" name="SpiceJet.flightbooking.LoginValidations" time="1.482" errors="0" timestamp="2022-08-17T11:53:54 IST" skipped="0">
  <testcase classname="SpiceJet.flightbooking.LoginValidations" name="loginToQaClickAcademy" time="0.849"/>
  <system-out/>
  <testcase classname="SpiceJet.flightbooking.LoginValidations" name="loginToQaClickAcademy" time="0.633"/>
  <system-out/>
</testsuite> <!-- SpiceJet.flightbooking.LoginValidations -->
