<?xml version="1.0" encoding="UTF-8"?>
<!-- Generated by org.testng.reporters.JUnitReportReporter -->
<testsuite hostname="HP-PAVILION" failures="0" tests="1" name="SpiceJet.flightbooking.homePageValidations" time="0.057" errors="0" timestamp="2022-08-17T11:53:54 IST" skipped="0">
  <testcase classname="SpiceJet.flightbooking.homePageValidations" name="clickOnLogin" time="0.057"/>
  <system-out/>
</testsuite> <!-- SpiceJet.flightbooking.homePageValidations -->
